<?xml version="1.0" encoding="UTF-8"?>
<testng-results ignored="0" total="1" passed="1" failed="0" skipped="0">
  <reporter-output>
  </reporter-output>
  <suite started-at="2023-05-07T14:25:56Z" name="Default suite" finished-at="2023-05-07T14:25:59Z" duration-ms="2407">
    <groups>
    </groups>
    <test started-at="2023-05-07T14:25:56Z" name="Default test" finished-at="2023-05-07T14:25:59Z" duration-ms="2407">
      <class name="test.CreateAccPageTest">
        <test-method is-config="true" signature="setUp()[pri:0, instance:test.CreateAccPageTest@41f69e84]" started-at="2023-05-07T10:25:54Z" name="setUp" finished-at="2023-05-07T10:25:56Z" duration-ms="2187" status="PASS">
          <reporter-output>
          </reporter-output>
        </test-method> <!-- setUp -->
        <test-method signature="createAccPageTest(java.lang.String, java.lang.String, java.lang.String, java.lang.String, java.lang.String, java.lang.String, java.lang.String, java.lang.String, java.lang.String)[pri:0, instance:test.CreateAccPageTest@41f69e84]" started-at="2023-05-07T10:25:57Z" name="createAccPageTest" data-provider="fbData" finished-at="2023-05-07T10:25:59Z" duration-ms="1736" status="PASS">
          <params>
            <param index="0">
              <value>
                <![CDATA[Rumana]]>
              </value>
            </param>
            <param index="1">
              <value>
                <![CDATA[Akther]]>
              </value>
            </param>
            <param index="2">
              <value>
                <![CDATA[rumanaakther@yahoo.com]]>
              </value>
            </param>
            <param index="3">
              <value>
                <![CDATA[rumanaakther@yahoo.com]]>
              </value>
            </param>
            <param index="4">
              <value>
                <![CDATA[rumana1234]]>
              </value>
            </param>
            <param index="5">
              <value>
                <![CDATA[Dec]]>
              </value>
            </param>
            <param index="6">
              <value>
                <![CDATA[22]]>
              </value>
            </param>
            <param index="7">
              <value>
                <![CDATA[1991]]>
              </value>
            </param>
            <param index="8">
              <value>
                <![CDATA[Female]]>
              </value>
            </param>
          </params>
          <reporter-output>
          </reporter-output>
        </test-method> <!-- createAccPageTest -->
      </class> <!-- test.CreateAccPageTest -->
    </test> <!-- Default test -->
  </suite> <!-- Default suite -->
</testng-results>
